<?xml version="1.0" encoding="UTF-8"?>
<testsuite xmlns:xsi="http://www.w3.org/2001/XMLSchema-instance" xsi:noNamespaceSchemaLocation="https://maven.apache.org/surefire/maven-surefire-plugin/xsd/surefire-test-report.xsd" version="3.0.1" name="cucumber.Options.TestRunner" time="7.895" tests="3" errors="0" skipped="0" failures="0">
  <properties>
[...]
</properties>
  <testcase name="Verify if a place is being successfully added using the AddPlaceAPI #1" classname="Validating Place API&apos;s" time="3.389"/>
  <testcase name="Verify if a place is being successfully added using the AddPlaceAPI #2" classname="Validating Place API&apos;s" time="2.447"/>
  <testcase name="Verify if Delete place functionality is working" classname="Validating Place API&apos;s" time="1.941"/>
</testsuite>